<?xml version="1.0" encoding="UTF-8"?>
<!-- Generated by org.testng.reporters.JUnitReportReporter -->
<testsuite skipped="0" hostname="LAPTOP-RG5BBFG9" name="com.selenium.AppTest" tests="1" failures="0" timestamp="27 Jul 2021 08:25:16 GMT" time="0.008" errors="0">
  <testcase name="shouldAnswerWithTrue" time="0.008" classname="com.selenium.AppTest"/>
</testsuite> <!-- com.selenium.AppTest -->
